Using pre-set license

 COMMAND LINE ARGUMENTS:
/Applications/Unity/Unity.app/Contents/MacOS/Unity
-adb2
-batchMode
-noUpm
-name
AssetImportWorker0
-projectPath
/Users/sks/Downloads/Firebase-Starter-Project-master/Sliding Card Game 2D
-logFile
Logs/AssetImportWorker0.log
-srvPort
50759
Successfully changed project path to: /Users/sks/Downloads/Firebase-Starter-Project-master/Sliding Card Game 2D
/Users/sks/Downloads/Firebase-Starter-Project-master/Sliding Card Game 2D
Using Asset Import Pipeline V2.
Refreshing native plugins compatible for Editor in 32.80 ms, found 2 plugins.
Preloading 0 native plugins for Editor in 0.00 ms.
Initialize engine version: 2020.2.7f1 (c53830e277f1)
[Subsystems] Discovering subsystems at path /Applications/Unity/Unity.app/Contents/Resources/UnitySubsystems
[Subsystems] Discovering subsystems at path /Users/sks/Downloads/Firebase-Starter-Project-master/Sliding Card Game 2D/Assets
GfxDevice: creating device client; threaded=0
2021-06-07 13:01:39.078 Unity[2908:95905] (null) preferred device: Apple M1 (high power)
2021-06-07 13:01:39.078 Unity[2908:95905] Metal devices available: 1
2021-06-07 13:01:39.078 Unity[2908:95905] 0: Apple M1 (high power)
2021-06-07 13:01:39.078 Unity[2908:95905] Using device Apple M1 (high power)
Initializing Metal device caps: Apple M1
Initialize mono
Mono path[0] = '/Applications/Unity/Unity.app/Contents/Managed'
Mono path[1] = '/Applications/Unity/Unity.app/Contents/MonoBleedingEdge/lib/mono/unityjit'
Mono config path = '/Applications/Unity/Unity.app/Contents/MonoBleedingEdge/etc'
Using monoOptions --debugger-agent=transport=dt_socket,embedding=1,server=y,suspend=n,address=127.0.0.1:56908
Begin MonoManager ReloadAssembly
Registering precompiled unity dll's ...
Register platform support module: /Applications/Unity/Unity.app/Contents/PlaybackEngines/MacStandaloneSupport/UnityEditor.OSXStandalone.Extensions.dll
Registered in 0.001421 seconds.
Native extension for OSXStandalone target not found
Refreshing native plugins compatible for Editor in 31.48 ms, found 2 plugins.
Preloading 0 native plugins for Editor in 0.00 ms.
Invoked RoslynAnalysisRunner static constructor.
RoslynAnalysisRunner will not be running.
RoslynAnalysisRunner has terminated.
Mono: successfully reloaded assembly
- Completed reload, in  2.332 seconds
Platform modules already initialized, skipping
Registering precompiled user dll's ...
Registered in 0.001270 seconds.
Begin MonoManager ReloadAssembly
Native extension for OSXStandalone target not found
Refreshing native plugins compatible for Editor in 31.79 ms, found 2 plugins.
Preloading 0 native plugins for Editor in 0.00 ms.
Invoked RoslynAnalysisRunner static constructor.
RoslynAnalysisRunner will not be running.
RoslynAnalysisRunner has terminated.
Mono: successfully reloaded assembly
- Completed reload, in  2.176 seconds
Platform modules already initialized, skipping
========================================================================
Worker process is ready to serve import requests
Launching external process: /Applications/Unity/Unity.app/Contents/Tools/UnityShaderCompiler
Launched and connected shader compiler UnityShaderCompiler after 0.03 seconds
Refreshing native plugins compatible for Editor in 0.30 ms, found 2 plugins.
Preloading 0 native plugins for Editor in 0.00 ms.
Unloading 1815 Unused Serialized files (Serialized files now loaded: 0)
System memory in use before: 145.6 MB.
System memory in use after: 145.6 MB.

Unloading 26 unused Assets to reduce memory usage. Loaded Objects now: 2261.
Total: 1.509250 ms (FindLiveObjects: 0.132625 ms CreateObjectMapping: 0.036333 ms MarkObjects: 1.214708 ms  DeleteObjects: 0.124875 ms)

========================================================================
Received Import Request.
  path: Assets/WorkshopAssets/Card Decks/Preview Window Deck 3.png
  artifactKey: Guid(fc4c3aa2c1b3045468c73f9ae8b6e069) Importer(815301076,1909f56bfc062723c751e8b465ee728b)
Start importing Assets/WorkshopAssets/Card Decks/Preview Window Deck 3.png using Guid(fc4c3aa2c1b3045468c73f9ae8b6e069) Importer(815301076,1909f56bfc062723c751e8b465ee728b)  -> (artifact id: '4be69e3c4926d933156973beaff3aa29') in 0.786788 seconds
  Import took 0.789463 seconds .

========================================================================
Received Import Request.
  Time since last request: 0.000255 seconds.
  path: Assets/WorkshopAssets/Card Decks
  artifactKey: Guid(9616636f3d1614f6ea9bd17d0c292cea) Importer(815301076,1909f56bfc062723c751e8b465ee728b)
Start importing Assets/WorkshopAssets/Card Decks using Guid(9616636f3d1614f6ea9bd17d0c292cea) Importer(815301076,1909f56bfc062723c751e8b465ee728b)  -> (artifact id: 'b7909e19e6b47a7e4875f37a20ab45ce') in 0.000653 seconds
  Import took 0.002410 seconds .

========================================================================
Received Import Request.
  Time since last request: 0.000133 seconds.
  path: Assets/WorkshopAssets/Sample.png
  artifactKey: Guid(3498b8c2917794b65bad1ee78e55279e) Importer(815301076,1909f56bfc062723c751e8b465ee728b)
Start importing Assets/WorkshopAssets/Sample.png using Guid(3498b8c2917794b65bad1ee78e55279e) Importer(815301076,1909f56bfc062723c751e8b465ee728b)  -> (artifact id: 'e3d9cd2c384a756424902fe69b361942') in 0.021932 seconds
  Import took 0.023965 seconds .

========================================================================
Received Import Request.
  Time since last request: 0.000256 seconds.
  path: Assets/WorkshopAssets/Card Decks/Preview Window Deck 2.png
  artifactKey: Guid(a0601e5df39c242fab7091ada14f0962) Importer(815301076,1909f56bfc062723c751e8b465ee728b)
Start importing Assets/WorkshopAssets/Card Decks/Preview Window Deck 2.png using Guid(a0601e5df39c242fab7091ada14f0962) Importer(815301076,1909f56bfc062723c751e8b465ee728b)  -> (artifact id: 'cf7acebe026cd107b09be53fe0802066') in 0.010892 seconds
  Import took 0.012991 seconds .

========================================================================
Received Import Request.
  Time since last request: 0.000229 seconds.
  path: Assets/WorkshopAssets/Card Decks/Preview Window Deck 1.png
  artifactKey: Guid(498502bdcd63d40beb3af64894859fd2) Importer(815301076,1909f56bfc062723c751e8b465ee728b)
Start importing Assets/WorkshopAssets/Card Decks/Preview Window Deck 1.png using Guid(498502bdcd63d40beb3af64894859fd2) Importer(815301076,1909f56bfc062723c751e8b465ee728b)  -> (artifact id: '5167fcb108d166408ee1895d6c6e5d5c') in 0.008385 seconds
  Import took 0.010598 seconds .

========================================================================
Received Import Request.
  Time since last request: 0.000225 seconds.
  path: Assets/WorkshopAssets
  artifactKey: Guid(c26b6f1c0e00748978a97a89958c8a58) Importer(815301076,1909f56bfc062723c751e8b465ee728b)
Start importing Assets/WorkshopAssets using Guid(c26b6f1c0e00748978a97a89958c8a58) Importer(815301076,1909f56bfc062723c751e8b465ee728b)  -> (artifact id: '21f8633e7c1ce62453cbb4d3ee2ad793') in 0.000744 seconds
  Import took 0.002827 seconds .

========================================================================
Received Import Request.
  Time since last request: 0.000200 seconds.
  path: Assets/WorkshopAssets/Card Decks/Deck 2.png
  artifactKey: Guid(ca8d1bf7c50ec46cf96af83b6acde184) Importer(815301076,1909f56bfc062723c751e8b465ee728b)
Start importing Assets/WorkshopAssets/Card Decks/Deck 2.png using Guid(ca8d1bf7c50ec46cf96af83b6acde184) Importer(815301076,1909f56bfc062723c751e8b465ee728b)  -> (artifact id: 'c23419d576e0d237b5bafc3ea2bc187f') in 0.009444 seconds
  Import took 0.011501 seconds .

========================================================================
Received Import Request.
  Time since last request: 0.000237 seconds.
  path: Assets/WorkshopAssets/Card Decks/Deck 3.png
  artifactKey: Guid(e1981a7e567194a93b46ffa8e758d773) Importer(815301076,1909f56bfc062723c751e8b465ee728b)
Start importing Assets/WorkshopAssets/Card Decks/Deck 3.png using Guid(e1981a7e567194a93b46ffa8e758d773) Importer(815301076,1909f56bfc062723c751e8b465ee728b)  -> (artifact id: 'dac2c27894ab1f230ac3d113f6106b95') in 0.008426 seconds
  Import took 0.010467 seconds .

========================================================================
Received Import Request.
  Time since last request: 0.000204 seconds.
  path: Assets/WorkshopAssets/Card Decks/Preview Deck 2.png
  artifactKey: Guid(5715e9f2ea3ef457cb2562c38a43bbaf) Importer(815301076,1909f56bfc062723c751e8b465ee728b)
Start importing Assets/WorkshopAssets/Card Decks/Preview Deck 2.png using Guid(5715e9f2ea3ef457cb2562c38a43bbaf) Importer(815301076,1909f56bfc062723c751e8b465ee728b)  -> (artifact id: '03abbb74743c8cd493226b2f7b8b54ac') in 0.008863 seconds
  Import took 0.010882 seconds .

========================================================================
Received Import Request.
  Time since last request: 0.000224 seconds.
  path: Assets/WorkshopAssets/Card Decks/Preview Deck 3.png
  artifactKey: Guid(1b61c526decf340698745b102a716d33) Importer(815301076,1909f56bfc062723c751e8b465ee728b)
Start importing Assets/WorkshopAssets/Card Decks/Preview Deck 3.png using Guid(1b61c526decf340698745b102a716d33) Importer(815301076,1909f56bfc062723c751e8b465ee728b)  -> (artifact id: '174c8c1499af626e475635db8cf93dfe') in 0.009205 seconds
  Import took 0.011258 seconds .

========================================================================
Received Import Request.
  Time since last request: 0.000225 seconds.
  path: Assets/WorkshopAssets/Card Decks/Preview Deck 1.png
  artifactKey: Guid(9195b70692f924c1f9346dd11ec24561) Importer(815301076,1909f56bfc062723c751e8b465ee728b)
Start importing Assets/WorkshopAssets/Card Decks/Preview Deck 1.png using Guid(9195b70692f924c1f9346dd11ec24561) Importer(815301076,1909f56bfc062723c751e8b465ee728b)  -> (artifact id: 'b3e5c5113b80c15354ce62bf71b8fc6e') in 0.013762 seconds
  Import took 0.016190 seconds .

========================================================================
Received Import Request.
  Time since last request: 0.000243 seconds.
  path: Assets/WorkshopAssets/Card Decks/Deck 1.png
  artifactKey: Guid(5af8f8a7bec484867a882abdec5bd44f) Importer(815301076,1909f56bfc062723c751e8b465ee728b)
Start importing Assets/WorkshopAssets/Card Decks/Deck 1.png using Guid(5af8f8a7bec484867a882abdec5bd44f) Importer(815301076,1909f56bfc062723c751e8b465ee728b)  -> (artifact id: 'c98fa2cd18089209f7b6720565f72fa5') in 0.010759 seconds
  Import took 0.012880 seconds .

========================================================================
Received Import Request.
  Time since last request: 0.666878 seconds.
  path: Assets/WorkshopAssets/Collection Items
  artifactKey: Guid(a743880e284634549bcb535a5206c67a) Importer(815301076,1909f56bfc062723c751e8b465ee728b)
Start importing Assets/WorkshopAssets/Collection Items using Guid(a743880e284634549bcb535a5206c67a) Importer(815301076,1909f56bfc062723c751e8b465ee728b)  -> (artifact id: 'e317dce0a7809dcd4bacaa00e1faa0d2') in 0.001352 seconds
  Import took 0.005200 seconds .

========================================================================
Received Import Request.
  Time since last request: 0.056005 seconds.
  path: Assets/WorkshopAssets/Collection Items/Deck 1 Item 1.png
  artifactKey: Guid(a7b5a2578425c45fc8f17f69c2a5f3b3) Importer(815301076,1909f56bfc062723c751e8b465ee728b)
Start importing Assets/WorkshopAssets/Collection Items/Deck 1 Item 1.png using Guid(a7b5a2578425c45fc8f17f69c2a5f3b3) Importer(815301076,1909f56bfc062723c751e8b465ee728b)  -> (artifact id: '9fe5b34c9a0e811316f717321f28e69e') in 0.008710 seconds
  Import took 0.011153 seconds .

========================================================================
Received Import Request.
  Time since last request: 0.000253 seconds.
  path: Assets/WorkshopAssets/Collection Items/Deck 3 Item 2.png
  artifactKey: Guid(ff1f5a79c5b7147e4a64fc612c512bf8) Importer(815301076,1909f56bfc062723c751e8b465ee728b)
Start importing Assets/WorkshopAssets/Collection Items/Deck 3 Item 2.png using Guid(ff1f5a79c5b7147e4a64fc612c512bf8) Importer(815301076,1909f56bfc062723c751e8b465ee728b)  -> (artifact id: '13305a1b1fad52c3ba1f864a795f1c3e') in 0.008303 seconds
  Import took 0.010425 seconds .

========================================================================
Received Import Request.
  Time since last request: 0.000200 seconds.
  path: Assets/WorkshopAssets/Collection Items/Deck 3 Item 4.png
  artifactKey: Guid(53ba1404ad0e1467f9805c497b60b8b7) Importer(815301076,1909f56bfc062723c751e8b465ee728b)
Start importing Assets/WorkshopAssets/Collection Items/Deck 3 Item 4.png using Guid(53ba1404ad0e1467f9805c497b60b8b7) Importer(815301076,1909f56bfc062723c751e8b465ee728b)  -> (artifact id: '40f79ee236040d4f554d8dd5f054d706') in 0.008284 seconds
  Import took 0.010433 seconds .

========================================================================
Received Import Request.
  Time since last request: 0.000207 seconds.
  path: Assets/WorkshopAssets/Collection Items/Deck 2 Item 1.png
  artifactKey: Guid(2a7dd3548ef514438b93cbd5ef92ca90) Importer(815301076,1909f56bfc062723c751e8b465ee728b)
Start importing Assets/WorkshopAssets/Collection Items/Deck 2 Item 1.png using Guid(2a7dd3548ef514438b93cbd5ef92ca90) Importer(815301076,1909f56bfc062723c751e8b465ee728b)  -> (artifact id: '8a23943dadf8cee119b2f01971ab3020') in 0.007961 seconds
  Import took 0.010051 seconds .

========================================================================
Received Import Request.
  Time since last request: 0.000207 seconds.
  path: Assets/WorkshopAssets/Collection Items/Deck 2 Item 4.png
  artifactKey: Guid(30b45a063bc7843168ee45903e07a46c) Importer(815301076,1909f56bfc062723c751e8b465ee728b)
Start importing Assets/WorkshopAssets/Collection Items/Deck 2 Item 4.png using Guid(30b45a063bc7843168ee45903e07a46c) Importer(815301076,1909f56bfc062723c751e8b465ee728b)  -> (artifact id: '443ed35c93cad15ac93086a9f8a977d7') in 0.007641 seconds
  Import took 0.009686 seconds .

========================================================================
Received Import Request.
  Time since last request: 0.000208 seconds.
  path: Assets/WorkshopAssets/Collection Items/Deck 2 Item 3.png
  artifactKey: Guid(6886258edca70499397f233335645715) Importer(815301076,1909f56bfc062723c751e8b465ee728b)
Start importing Assets/WorkshopAssets/Collection Items/Deck 2 Item 3.png using Guid(6886258edca70499397f233335645715) Importer(815301076,1909f56bfc062723c751e8b465ee728b)  -> (artifact id: '8957e34829aa73bbbad7cfdcf8582d57') in 0.008550 seconds
  Import took 0.010476 seconds .

========================================================================
Received Import Request.
  Time since last request: 0.000258 seconds.
  path: Assets/WorkshopAssets/Collection Items/Deck 3 Item 3.png
  artifactKey: Guid(cfe5367311e1842399efdcd0e00131bd) Importer(815301076,1909f56bfc062723c751e8b465ee728b)
Start importing Assets/WorkshopAssets/Collection Items/Deck 3 Item 3.png using Guid(cfe5367311e1842399efdcd0e00131bd) Importer(815301076,1909f56bfc062723c751e8b465ee728b)  -> (artifact id: '0b7937ec1a44e84a4ce2ef24c5883acf') in 0.007830 seconds
  Import took 0.009893 seconds .

========================================================================
Received Import Request.
  Time since last request: 0.000298 seconds.
  path: Assets/WorkshopAssets/Collection Items/Deck 1 Item 4.png
  artifactKey: Guid(ccb4f2bd5429549b1b71f597b6b9f587) Importer(815301076,1909f56bfc062723c751e8b465ee728b)
Start importing Assets/WorkshopAssets/Collection Items/Deck 1 Item 4.png using Guid(ccb4f2bd5429549b1b71f597b6b9f587) Importer(815301076,1909f56bfc062723c751e8b465ee728b)  -> (artifact id: '6ebcd21fc5a851f1d970cce95b4ba608') in 0.007680 seconds
  Import took 0.009829 seconds .

========================================================================
Received Import Request.
  Time since last request: 0.000289 seconds.
  path: Assets/WorkshopAssets/Collection Items/Deck 3 Item 1.png
  artifactKey: Guid(bad0c9ad94b1c45768516941f0a3a399) Importer(815301076,1909f56bfc062723c751e8b465ee728b)
Start importing Assets/WorkshopAssets/Collection Items/Deck 3 Item 1.png using Guid(bad0c9ad94b1c45768516941f0a3a399) Importer(815301076,1909f56bfc062723c751e8b465ee728b)  -> (artifact id: '95609c628362c5000d6b1974ee95fd66') in 0.010597 seconds
  Import took 0.012724 seconds .

========================================================================
Received Import Request.
  Time since last request: 0.000284 seconds.
  path: Assets/WorkshopAssets/Collection Items/Deck 2 Item 2.png
  artifactKey: Guid(fe691674d95d14608a2d278fb65fb509) Importer(815301076,1909f56bfc062723c751e8b465ee728b)
Start importing Assets/WorkshopAssets/Collection Items/Deck 2 Item 2.png using Guid(fe691674d95d14608a2d278fb65fb509) Importer(815301076,1909f56bfc062723c751e8b465ee728b)  -> (artifact id: '90950ef48a7e762f298cdd2a74eea1a5') in 0.007739 seconds
  Import took 0.009836 seconds .

========================================================================
Received Import Request.
  Time since last request: 0.000271 seconds.
  path: Assets/WorkshopAssets/Collection Items/Deck 1 Item 3.png
  artifactKey: Guid(57527f7ad817544f58a1f625efd5de22) Importer(815301076,1909f56bfc062723c751e8b465ee728b)
Start importing Assets/WorkshopAssets/Collection Items/Deck 1 Item 3.png using Guid(57527f7ad817544f58a1f625efd5de22) Importer(815301076,1909f56bfc062723c751e8b465ee728b)  -> (artifact id: '990c0c53cf93cb120c154179051883a2') in 0.007380 seconds
  Import took 0.009494 seconds .

========================================================================
Received Import Request.
  Time since last request: 0.000233 seconds.
  path: Assets/WorkshopAssets/Collection Items/Deck 1 Item 2.png
  artifactKey: Guid(43282749c8ec74dcdaa52f81e5e88ff7) Importer(815301076,1909f56bfc062723c751e8b465ee728b)
Start importing Assets/WorkshopAssets/Collection Items/Deck 1 Item 2.png using Guid(43282749c8ec74dcdaa52f81e5e88ff7) Importer(815301076,1909f56bfc062723c751e8b465ee728b)  -> (artifact id: '6be3e667d9501cdcbbf3c68f2108baf0') in 0.007493 seconds
  Import took 0.009521 seconds .

========================================================================
Received Import Request.
  Time since last request: 0.003358 seconds.
  path: Assets/WorkshopAssets/Collection Items/Deck 1 Item 3.png
  artifactKey: Guid(57527f7ad817544f58a1f625efd5de22) Importer(815301076,1909f56bfc062723c751e8b465ee728b)
Start importing Assets/WorkshopAssets/Collection Items/Deck 1 Item 3.png using Guid(57527f7ad817544f58a1f625efd5de22) Importer(815301076,1909f56bfc062723c751e8b465ee728b)  -> (artifact id: '990c0c53cf93cb120c154179051883a2') in 0.007244 seconds
  Import took 0.009585 seconds .

========================================================================
Received Import Request.
  Time since last request: 11.595052 seconds.
  path: Assets/WorkshopAssets/Workshop
  artifactKey: Guid(908d156f5da2445b6aa445b14f456d5b) Importer(815301076,1909f56bfc062723c751e8b465ee728b)
Start importing Assets/WorkshopAssets/Workshop using Guid(908d156f5da2445b6aa445b14f456d5b) Importer(815301076,1909f56bfc062723c751e8b465ee728b)  -> (artifact id: '75116ad9f8ab4e5bdfd6d07dc466ab70') in 0.000836 seconds
  Import took 0.003101 seconds .

========================================================================
Received Import Request.
  Time since last request: 0.991520 seconds.
  path: Assets/WorkshopAssets/Workshop/Asset Window.png
  artifactKey: Guid(eb1ed7fadfea9479cb113d1caaea861c) Importer(815301076,1909f56bfc062723c751e8b465ee728b)
Start importing Assets/WorkshopAssets/Workshop/Asset Window.png using Guid(eb1ed7fadfea9479cb113d1caaea861c) Importer(815301076,1909f56bfc062723c751e8b465ee728b)  -> (artifact id: 'adfb7cf61dae22a89d8ccfa1dfe95686') in 0.015246 seconds
  Import took 0.018945 seconds .

========================================================================
Received Import Request.
  Time since last request: 0.000257 seconds.
  path: Assets/WorkshopAssets/Workshop/Completed Collection Item Frame.png
  artifactKey: Guid(04408d8c0afb94699a6f9791fda017ec) Importer(815301076,1909f56bfc062723c751e8b465ee728b)
Start importing Assets/WorkshopAssets/Workshop/Completed Collection Item Frame.png using Guid(04408d8c0afb94699a6f9791fda017ec) Importer(815301076,1909f56bfc062723c751e8b465ee728b)  -> (artifact id: '236510fb67d3bad91ae656163aa8c8ed') in 0.011352 seconds
  Import took 0.013995 seconds .

========================================================================
Received Import Request.
  Time since last request: 0.000271 seconds.
  path: Assets/WorkshopAssets/Workshop/Workshop Sign.png
  artifactKey: Guid(98d55077371dc4d2a9b5da28471e2a8d) Importer(815301076,1909f56bfc062723c751e8b465ee728b)
Start importing Assets/WorkshopAssets/Workshop/Workshop Sign.png using Guid(98d55077371dc4d2a9b5da28471e2a8d) Importer(815301076,1909f56bfc062723c751e8b465ee728b)  -> (artifact id: 'bdebd92a4d9d45d5548b107d29432c85') in 0.008401 seconds
  Import took 0.010882 seconds .

========================================================================
Received Import Request.
  Time since last request: 0.000258 seconds.
  path: Assets/WorkshopAssets/Workshop/Collection Item Count Frame.png
  artifactKey: Guid(7c10e72321723472f966166707f79b95) Importer(815301076,1909f56bfc062723c751e8b465ee728b)
Start importing Assets/WorkshopAssets/Workshop/Collection Item Count Frame.png using Guid(7c10e72321723472f966166707f79b95) Importer(815301076,1909f56bfc062723c751e8b465ee728b)  -> (artifact id: '0357c69b48dd4ecc328b7589111f01f8') in 0.007984 seconds
  Import took 0.010122 seconds .

========================================================================
Received Import Request.
  Time since last request: 0.000195 seconds.
  path: Assets/WorkshopAssets/Workshop/Right Side.png
  artifactKey: Guid(3304021a016644e338cc61d8a3d4d377) Importer(815301076,1909f56bfc062723c751e8b465ee728b)
Start importing Assets/WorkshopAssets/Workshop/Right Side.png using Guid(3304021a016644e338cc61d8a3d4d377) Importer(815301076,1909f56bfc062723c751e8b465ee728b)  -> (artifact id: '1fc79ddc949639358f79651dc35c15d6') in 0.009236 seconds
  Import took 0.011381 seconds .

========================================================================
Received Import Request.
  Time since last request: 0.000208 seconds.
  path: Assets/WorkshopAssets/Workshop/Checkmark.png
  artifactKey: Guid(360f37913ddb74e289ecd680794b3912) Importer(815301076,1909f56bfc062723c751e8b465ee728b)
Start importing Assets/WorkshopAssets/Workshop/Checkmark.png using Guid(360f37913ddb74e289ecd680794b3912) Importer(815301076,1909f56bfc062723c751e8b465ee728b)  -> (artifact id: 'bc7a292b9bb574a5e7b6e6862e0e7102') in 0.006703 seconds
  Import took 0.009107 seconds .

========================================================================
Received Import Request.
  Time since last request: 0.000248 seconds.
  path: Assets/WorkshopAssets/Workshop/No Events Available Window.png
  artifactKey: Guid(2d4ba7a6b2b354d06b667c7173de4a1e) Importer(815301076,1909f56bfc062723c751e8b465ee728b)
Start importing Assets/WorkshopAssets/Workshop/No Events Available Window.png using Guid(2d4ba7a6b2b354d06b667c7173de4a1e) Importer(815301076,1909f56bfc062723c751e8b465ee728b)  -> (artifact id: '7454697a44b88636f90d10d307730407') in 0.009464 seconds
  Import took 0.011841 seconds .

========================================================================
Received Import Request.
  Time since last request: 0.000237 seconds.
  path: Assets/WorkshopAssets/Workshop/Time Reduction Reward Video Button.png
  artifactKey: Guid(05e2ea8cc24724aad8f29910ef1aaff4) Importer(815301076,1909f56bfc062723c751e8b465ee728b)
Start importing Assets/WorkshopAssets/Workshop/Time Reduction Reward Video Button.png using Guid(05e2ea8cc24724aad8f29910ef1aaff4) Importer(815301076,1909f56bfc062723c751e8b465ee728b)  -> (artifact id: '4f72b269baae9b8779c993cde6d6bb0e') in 0.006715 seconds
  Import took 0.008810 seconds .

========================================================================
Received Import Request.
  Time since last request: 0.000191 seconds.
  path: Assets/WorkshopAssets/Workshop/Build Collect Button.png
  artifactKey: Guid(5b36f39254e8443a4a3d93e0295ae1b9) Importer(815301076,1909f56bfc062723c751e8b465ee728b)
Start importing Assets/WorkshopAssets/Workshop/Build Collect Button.png using Guid(5b36f39254e8443a4a3d93e0295ae1b9) Importer(815301076,1909f56bfc062723c751e8b465ee728b)  -> (artifact id: '77846193b71043d0463d245e658443e1') in 0.006157 seconds
  Import took 0.008207 seconds .

========================================================================
Received Import Request.
  Time since last request: 0.000240 seconds.
  path: Assets/WorkshopAssets/Workshop/Back wall.png
  artifactKey: Guid(cf80ab77c1b014c36bc3f3a94ffb5802) Importer(815301076,1909f56bfc062723c751e8b465ee728b)
Start importing Assets/WorkshopAssets/Workshop/Back wall.png using Guid(cf80ab77c1b014c36bc3f3a94ffb5802) Importer(815301076,1909f56bfc062723c751e8b465ee728b)  -> (artifact id: '5748da86540576059388b3444f3725cb') in 0.010646 seconds
  Import took 0.012728 seconds .

========================================================================
Received Import Request.
  Time since last request: 0.000229 seconds.
  path: Assets/WorkshopAssets/Workshop/Collection Item Frame.png
  artifactKey: Guid(969271c73ba8b49ec8febfcc5a949046) Importer(815301076,1909f56bfc062723c751e8b465ee728b)
Start importing Assets/WorkshopAssets/Workshop/Collection Item Frame.png using Guid(969271c73ba8b49ec8febfcc5a949046) Importer(815301076,1909f56bfc062723c751e8b465ee728b)  -> (artifact id: '285720d57e621a367b4c65ad375395d2') in 0.006834 seconds
  Import took 0.009059 seconds .

========================================================================
Received Import Request.
  Time since last request: 0.000236 seconds.
  path: Assets/WorkshopAssets/Workshop/Countdown.png
  artifactKey: Guid(2af508f98a6b4486f8b29f1f8af3aef7) Importer(815301076,1909f56bfc062723c751e8b465ee728b)
Start importing Assets/WorkshopAssets/Workshop/Countdown.png using Guid(2af508f98a6b4486f8b29f1f8af3aef7) Importer(815301076,1909f56bfc062723c751e8b465ee728b)  -> (artifact id: 'a2a416fee008a463e26f9af47b1f244b') in 0.006263 seconds
  Import took 0.008421 seconds .

========================================================================
Received Import Request.
  Time since last request: 0.000258 seconds.
  path: Assets/WorkshopAssets/Workshop/Bottom of Shop.png
  artifactKey: Guid(2c7d4d266be19445b84de988cf885521) Importer(815301076,1909f56bfc062723c751e8b465ee728b)
Start importing Assets/WorkshopAssets/Workshop/Bottom of Shop.png using Guid(2c7d4d266be19445b84de988cf885521) Importer(815301076,1909f56bfc062723c751e8b465ee728b)  -> (artifact id: '1b8ae0396cdc151322fc51df1bc1a3ae') in 0.006754 seconds
  Import took 0.008870 seconds .

========================================================================
Received Import Request.
  Time since last request: 0.000262 seconds.
  path: Assets/WorkshopAssets/Workshop/Expiration time frame.png
  artifactKey: Guid(328e10f16d2384d9f92c58c88894be86) Importer(815301076,1909f56bfc062723c751e8b465ee728b)
Start importing Assets/WorkshopAssets/Workshop/Expiration time frame.png using Guid(328e10f16d2384d9f92c58c88894be86) Importer(815301076,1909f56bfc062723c751e8b465ee728b)  -> (artifact id: '05e5d67c2e1fb967141f4095e32e310a') in 0.006269 seconds
  Import took 0.008547 seconds .

========================================================================
Received Import Request.
  Time since last request: 0.000347 seconds.
  path: Assets/WorkshopAssets/Workshop/Left Side.png
  artifactKey: Guid(66a5fa2efc934473785c923c5464e55f) Importer(815301076,1909f56bfc062723c751e8b465ee728b)
Start importing Assets/WorkshopAssets/Workshop/Left Side.png using Guid(66a5fa2efc934473785c923c5464e55f) Importer(815301076,1909f56bfc062723c751e8b465ee728b)  -> (artifact id: '7e9b03b18137f4e800b0dde4150ad5b3') in 0.008149 seconds
  Import took 0.010151 seconds .

========================================================================
Received Import Request.
  Time since last request: 0.000178 seconds.
  path: Assets/WorkshopAssets/Workshop/Top of Shop.png
  artifactKey: Guid(233fc01f3f62e4fe080f8dfa6ff1785e) Importer(815301076,1909f56bfc062723c751e8b465ee728b)
Start importing Assets/WorkshopAssets/Workshop/Top of Shop.png using Guid(233fc01f3f62e4fe080f8dfa6ff1785e) Importer(815301076,1909f56bfc062723c751e8b465ee728b)  -> (artifact id: 'd52555e51be0a4d05455efd21cd9bf99') in 0.007938 seconds
  Import took 0.009991 seconds .

========================================================================
Received Import Request.
  Time since last request: 0.000195 seconds.
  path: Assets/WorkshopAssets/Workshop/Collection Item Frame.png
  artifactKey: Guid(969271c73ba8b49ec8febfcc5a949046) Importer(815301076,1909f56bfc062723c751e8b465ee728b)
Start importing Assets/WorkshopAssets/Workshop/Collection Item Frame.png using Guid(969271c73ba8b49ec8febfcc5a949046) Importer(815301076,1909f56bfc062723c751e8b465ee728b)  -> (artifact id: '285720d57e621a367b4c65ad375395d2') in 0.006116 seconds
  Import took 0.008117 seconds .

========================================================================
Received Import Request.
  Time since last request: 0.000216 seconds.
  path: Assets/WorkshopAssets/Workshop/Under construction icon.png
  artifactKey: Guid(89396f33625054434b0399d1f51ee542) Importer(815301076,1909f56bfc062723c751e8b465ee728b)
Start importing Assets/WorkshopAssets/Workshop/Under construction icon.png using Guid(89396f33625054434b0399d1f51ee542) Importer(815301076,1909f56bfc062723c751e8b465ee728b)  -> (artifact id: 'e3abaa94dd8cebe7680ec792a950d592') in 0.008260 seconds
  Import took 0.010404 seconds .

========================================================================
Received Import Request.
  Time since last request: 0.000180 seconds.
  path: Assets/WorkshopAssets/Workshop/Instructions Window.png
  artifactKey: Guid(74d2011b8e32a4ed8b91ca1ec35278da) Importer(815301076,1909f56bfc062723c751e8b465ee728b)
Start importing Assets/WorkshopAssets/Workshop/Instructions Window.png using Guid(74d2011b8e32a4ed8b91ca1ec35278da) Importer(815301076,1909f56bfc062723c751e8b465ee728b)  -> (artifact id: '81aab01640b3dbacc39b84accd2af704') in 0.007998 seconds
  Import took 0.010025 seconds .

========================================================================
Received Import Request.
  Time since last request: 0.012424 seconds.
  path: Assets/WorkshopAssets/Workshop/Instructions Window.png
  artifactKey: Guid(74d2011b8e32a4ed8b91ca1ec35278da) Importer(815301076,1909f56bfc062723c751e8b465ee728b)
Start importing Assets/WorkshopAssets/Workshop/Instructions Window.png using Guid(74d2011b8e32a4ed8b91ca1ec35278da) Importer(815301076,1909f56bfc062723c751e8b465ee728b)  -> (artifact id: '81aab01640b3dbacc39b84accd2af704') in 0.005550 seconds
  Import took 0.008124 seconds .

========================================================================
Received Import Request.
  Time since last request: 9849.208988 seconds.
  path: Assets/prefabs
  artifactKey: Guid(a66bd64e8dbd0411ea09b7182ec5e5b1) Importer(815301076,1909f56bfc062723c751e8b465ee728b)
Start importing Assets/prefabs using Guid(a66bd64e8dbd0411ea09b7182ec5e5b1) Importer(815301076,1909f56bfc062723c751e8b465ee728b)  -> (artifact id: '4dfaedd5995cff2f8f73d42d06dad677') in 0.002919 seconds
  Import took 0.020368 seconds .

========================================================================
Received Import Request.
  Time since last request: 11.344498 seconds.
  path: Assets/prefabs/count.prefab
  artifactKey: Guid(feb6212a7f4ca4b24af0e0c2ff1e9c41) Importer(815301076,1909f56bfc062723c751e8b465ee728b)
Start importing Assets/prefabs/count.prefab using Guid(feb6212a7f4ca4b24af0e0c2ff1e9c41) Importer(815301076,1909f56bfc062723c751e8b465ee728b)  -> (artifact id: '069d94cd2fc4063b5f3fbabe55d6a98a') in 0.614354 seconds
  Import took 0.617215 seconds .

========================================================================
Received Prepare
Registering precompiled user dll's ...
Registered in 0.001838 seconds.
Begin MonoManager ReloadAssembly
Native extension for OSXStandalone target not found
Refreshing native plugins compatible for Editor in 0.32 ms, found 2 plugins.
Preloading 0 native plugins for Editor in 0.00 ms.
Invoked RoslynAnalysisRunner static constructor.
RoslynAnalysisRunner will not be running.
RoslynAnalysisRunner has terminated.
Mono: successfully reloaded assembly
- Completed reload, in  2.201 seconds
Platform modules already initialized, skipping
Refreshing native plugins compatible for Editor in 0.30 ms, found 2 plugins.
Preloading 0 native plugins for Editor in 0.00 ms.
Unloading 1810 Unused Serialized files (Serialized files now loaded: 0)
System memory in use before: 158.3 MB.
System memory in use after: 158.3 MB.

Unloading 14 unused Assets to reduce memory usage. Loaded Objects now: 2309.
Total: 1.451917 ms (FindLiveObjects: 0.138250 ms CreateObjectMapping: 0.036166 ms MarkObjects: 1.195458 ms  DeleteObjects: 0.081167 ms)

========================================================================
Received Prepare
Registering precompiled user dll's ...
Registered in 0.002201 seconds.
Begin MonoManager ReloadAssembly
Native extension for OSXStandalone target not found
Refreshing native plugins compatible for Editor in 0.31 ms, found 2 plugins.
Preloading 0 native plugins for Editor in 0.00 ms.
Invoked RoslynAnalysisRunner static constructor.
RoslynAnalysisRunner will not be running.
RoslynAnalysisRunner has terminated.
Mono: successfully reloaded assembly
- Completed reload, in  2.241 seconds
Platform modules already initialized, skipping
Refreshing native plugins compatible for Editor in 0.32 ms, found 2 plugins.
Preloading 0 native plugins for Editor in 0.00 ms.
Unloading 1810 Unused Serialized files (Serialized files now loaded: 0)
System memory in use before: 158.5 MB.
System memory in use after: 158.5 MB.

Unloading 14 unused Assets to reduce memory usage. Loaded Objects now: 2313.
Total: 1.495708 ms (FindLiveObjects: 0.175625 ms CreateObjectMapping: 0.037791 ms MarkObjects: 1.182833 ms  DeleteObjects: 0.098416 ms)

========================================================================
Received Prepare
Registering precompiled user dll's ...
Registered in 0.001971 seconds.
Begin MonoManager ReloadAssembly
Native extension for OSXStandalone target not found
Refreshing native plugins compatible for Editor in 0.32 ms, found 2 plugins.
Preloading 0 native plugins for Editor in 0.00 ms.
Invoked RoslynAnalysisRunner static constructor.
RoslynAnalysisRunner will not be running.
RoslynAnalysisRunner has terminated.
Mono: successfully reloaded assembly
- Completed reload, in  2.141 seconds
Platform modules already initialized, skipping
Refreshing native plugins compatible for Editor in 0.31 ms, found 2 plugins.
Preloading 0 native plugins for Editor in 0.00 ms.
Unloading 1810 Unused Serialized files (Serialized files now loaded: 0)
System memory in use before: 158.8 MB.
System memory in use after: 158.8 MB.

Unloading 14 unused Assets to reduce memory usage. Loaded Objects now: 2317.
Total: 1.379834 ms (FindLiveObjects: 0.131000 ms CreateObjectMapping: 0.036000 ms MarkObjects: 1.114750 ms  DeleteObjects: 0.096917 ms)

========================================================================
Received Prepare
Registering precompiled user dll's ...
Registered in 0.000741 seconds.
Begin MonoManager ReloadAssembly
Native extension for OSXStandalone target not found
Refreshing native plugins compatible for Editor in 0.34 ms, found 2 plugins.
Preloading 0 native plugins for Editor in 0.00 ms.
Invoked RoslynAnalysisRunner static constructor.
RoslynAnalysisRunner will not be running.
RoslynAnalysisRunner has terminated.
Mono: successfully reloaded assembly
- Completed reload, in  2.123 seconds
Platform modules already initialized, skipping
Refreshing native plugins compatible for Editor in 0.30 ms, found 2 plugins.
Preloading 0 native plugins for Editor in 0.00 ms.
Unloading 1810 Unused Serialized files (Serialized files now loaded: 0)
System memory in use before: 158.9 MB.
System memory in use after: 158.9 MB.

Unloading 14 unused Assets to reduce memory usage. Loaded Objects now: 2321.
Total: 1.381542 ms (FindLiveObjects: 0.127833 ms CreateObjectMapping: 0.036083 ms MarkObjects: 1.125709 ms  DeleteObjects: 0.090875 ms)

========================================================================
Received Prepare
Registering precompiled user dll's ...
Registered in 0.003586 seconds.
Begin MonoManager ReloadAssembly
Native extension for OSXStandalone target not found
Refreshing native plugins compatible for Editor in 0.30 ms, found 2 plugins.
Preloading 0 native plugins for Editor in 0.00 ms.
Invoked RoslynAnalysisRunner static constructor.
RoslynAnalysisRunner will not be running.
RoslynAnalysisRunner has terminated.
Mono: successfully reloaded assembly
- Completed reload, in  2.167 seconds
Platform modules already initialized, skipping
Refreshing native plugins compatible for Editor in 0.29 ms, found 2 plugins.
Preloading 0 native plugins for Editor in 0.00 ms.
Unloading 1810 Unused Serialized files (Serialized files now loaded: 0)
System memory in use before: 159.1 MB.
System memory in use after: 159.1 MB.

Unloading 14 unused Assets to reduce memory usage. Loaded Objects now: 2325.
Total: 1.442791 ms (FindLiveObjects: 0.141959 ms CreateObjectMapping: 0.035083 ms MarkObjects: 1.170125 ms  DeleteObjects: 0.094625 ms)

========================================================================
Received Prepare
Registering precompiled user dll's ...
Registered in 0.002074 seconds.
Begin MonoManager ReloadAssembly
Native extension for OSXStandalone target not found
Refreshing native plugins compatible for Editor in 0.31 ms, found 2 plugins.
Preloading 0 native plugins for Editor in 0.00 ms.
Invoked RoslynAnalysisRunner static constructor.
RoslynAnalysisRunner will not be running.
RoslynAnalysisRunner has terminated.
Mono: successfully reloaded assembly
- Completed reload, in  2.175 seconds
Platform modules already initialized, skipping
Refreshing native plugins compatible for Editor in 0.38 ms, found 2 plugins.
Preloading 0 native plugins for Editor in 0.00 ms.
Unloading 1810 Unused Serialized files (Serialized files now loaded: 0)
System memory in use before: 159.3 MB.
System memory in use after: 159.3 MB.

Unloading 14 unused Assets to reduce memory usage. Loaded Objects now: 2329.
Total: 1.475375 ms (FindLiveObjects: 0.149291 ms CreateObjectMapping: 0.037917 ms MarkObjects: 1.185875 ms  DeleteObjects: 0.101250 ms)

========================================================================
Received Prepare
Registering precompiled user dll's ...
Registered in 0.000783 seconds.
Begin MonoManager ReloadAssembly
Native extension for OSXStandalone target not found
Refreshing native plugins compatible for Editor in 0.31 ms, found 2 plugins.
Preloading 0 native plugins for Editor in 0.00 ms.
Invoked RoslynAnalysisRunner static constructor.
RoslynAnalysisRunner will not be running.
RoslynAnalysisRunner has terminated.
Mono: successfully reloaded assembly
- Completed reload, in  2.095 seconds
Platform modules already initialized, skipping
Refreshing native plugins compatible for Editor in 0.39 ms, found 2 plugins.
Preloading 0 native plugins for Editor in 0.00 ms.
Unloading 1810 Unused Serialized files (Serialized files now loaded: 0)
System memory in use before: 159.5 MB.
System memory in use after: 159.5 MB.

Unloading 14 unused Assets to reduce memory usage. Loaded Objects now: 2333.
Total: 1.447625 ms (FindLiveObjects: 0.165625 ms CreateObjectMapping: 0.035709 ms MarkObjects: 1.140042 ms  DeleteObjects: 0.105334 ms)

========================================================================
Received Prepare
Registering precompiled user dll's ...
Registered in 0.001870 seconds.
Begin MonoManager ReloadAssembly
Native extension for OSXStandalone target not found
Refreshing native plugins compatible for Editor in 0.39 ms, found 2 plugins.
Preloading 0 native plugins for Editor in 0.00 ms.
Invoked RoslynAnalysisRunner static constructor.
RoslynAnalysisRunner will not be running.
RoslynAnalysisRunner has terminated.
Mono: successfully reloaded assembly
- Completed reload, in  2.162 seconds
Platform modules already initialized, skipping
Refreshing native plugins compatible for Editor in 0.29 ms, found 2 plugins.
Preloading 0 native plugins for Editor in 0.00 ms.
Unloading 1810 Unused Serialized files (Serialized files now loaded: 0)
System memory in use before: 159.7 MB.
System memory in use after: 159.7 MB.

Unloading 14 unused Assets to reduce memory usage. Loaded Objects now: 2337.
Total: 1.452875 ms (FindLiveObjects: 0.148083 ms CreateObjectMapping: 0.037250 ms MarkObjects: 1.170375 ms  DeleteObjects: 0.095958 ms)

========================================================================
Received Prepare
Registering precompiled user dll's ...
Registered in 0.001803 seconds.
Begin MonoManager ReloadAssembly
Native extension for OSXStandalone target not found
Refreshing native plugins compatible for Editor in 0.31 ms, found 2 plugins.
Preloading 0 native plugins for Editor in 0.00 ms.
Invoked RoslynAnalysisRunner static constructor.
RoslynAnalysisRunner will not be running.
RoslynAnalysisRunner has terminated.
Mono: successfully reloaded assembly
- Completed reload, in  2.147 seconds
Platform modules already initialized, skipping
Refreshing native plugins compatible for Editor in 0.22 ms, found 2 plugins.
Preloading 0 native plugins for Editor in 0.00 ms.
Unloading 1810 Unused Serialized files (Serialized files now loaded: 0)
System memory in use before: 159.9 MB.
System memory in use after: 159.9 MB.

Unloading 14 unused Assets to reduce memory usage. Loaded Objects now: 2341.
Total: 1.439333 ms (FindLiveObjects: 0.160292 ms CreateObjectMapping: 0.035667 ms MarkObjects: 1.151875 ms  DeleteObjects: 0.090708 ms)

========================================================================
Received Import Request.
  Time since last request: 4865.937957 seconds.
  path: Assets/Script
  artifactKey: Guid(ca2088e628ea74401be02135b05b435c) Importer(815301076,1909f56bfc062723c751e8b465ee728b)
Start importing Assets/Script using Guid(ca2088e628ea74401be02135b05b435c) Importer(815301076,1909f56bfc062723c751e8b465ee728b)  -> (artifact id: '21a6f9a4d774b3b1fded485edeb688b2') in 0.005846 seconds
  Import took 0.008270 seconds .

========================================================================
Received Import Request.
  Time since last request: 13.422708 seconds.
  path: Assets/Script/UIManager.cs
  artifactKey: Guid(dc221c4ff93ad4e2cafc1377df635ecb) Importer(815301076,1909f56bfc062723c751e8b465ee728b)
Start importing Assets/Script/UIManager.cs using Guid(dc221c4ff93ad4e2cafc1377df635ecb) Importer(815301076,1909f56bfc062723c751e8b465ee728b)  -> (artifact id: 'e2e83b8ee52649eec50c1b83e23d41eb') in 0.212593 seconds
  Import took 0.215208 seconds .

========================================================================
Received Prepare
Registering precompiled user dll's ...
Registered in 0.001001 seconds.
Begin MonoManager ReloadAssembly
Native extension for OSXStandalone target not found
Refreshing native plugins compatible for Editor in 0.36 ms, found 2 plugins.
Preloading 0 native plugins for Editor in 0.00 ms.
Invoked RoslynAnalysisRunner static constructor.
RoslynAnalysisRunner will not be running.
RoslynAnalysisRunner has terminated.
Mono: successfully reloaded assembly
- Completed reload, in  2.432 seconds
Platform modules already initialized, skipping
Refreshing native plugins compatible for Editor in 0.29 ms, found 2 plugins.
Preloading 0 native plugins for Editor in 0.00 ms.
Unloading 1811 Unused Serialized files (Serialized files now loaded: 0)
System memory in use before: 164.4 MB.
System memory in use after: 164.3 MB.

Unloading 14 unused Assets to reduce memory usage. Loaded Objects now: 2346.
Total: 1.498792 ms (FindLiveObjects: 0.174125 ms CreateObjectMapping: 0.038334 ms MarkObjects: 1.191125 ms  DeleteObjects: 0.094167 ms)

========================================================================
Received Prepare
Registering precompiled user dll's ...
Registered in 0.002457 seconds.
Begin MonoManager ReloadAssembly
Native extension for OSXStandalone target not found
Refreshing native plugins compatible for Editor in 0.33 ms, found 2 plugins.
Preloading 0 native plugins for Editor in 0.00 ms.
Invoked RoslynAnalysisRunner static constructor.
RoslynAnalysisRunner will not be running.
RoslynAnalysisRunner has terminated.
Mono: successfully reloaded assembly
- Completed reload, in  2.227 seconds
Platform modules already initialized, skipping
Refreshing native plugins compatible for Editor in 0.29 ms, found 2 plugins.
Preloading 0 native plugins for Editor in 0.00 ms.
Unloading 1811 Unused Serialized files (Serialized files now loaded: 0)
System memory in use before: 164.6 MB.
System memory in use after: 164.6 MB.

Unloading 14 unused Assets to reduce memory usage. Loaded Objects now: 2350.
Total: 1.424667 ms (FindLiveObjects: 0.139750 ms CreateObjectMapping: 0.036750 ms MarkObjects: 1.154875 ms  DeleteObjects: 0.092417 ms)

========================================================================
Received Import Request.
  Time since last request: 48.742826 seconds.
  path: Assets/Script/UIManager.cs
  artifactKey: Guid(dc221c4ff93ad4e2cafc1377df635ecb) Importer(815301076,1909f56bfc062723c751e8b465ee728b)
Start importing Assets/Script/UIManager.cs using Guid(dc221c4ff93ad4e2cafc1377df635ecb) Importer(815301076,1909f56bfc062723c751e8b465ee728b)  -> (artifact id: '8bc2059f8738e64c24b8c8e37654058d') in 0.008443 seconds
  Import took 0.010798 seconds .

========================================================================
Received Import Request.
  Time since last request: 0.090181 seconds.
  path: Assets/Script/UIManager.cs
  artifactKey: Guid(dc221c4ff93ad4e2cafc1377df635ecb) Importer(815301076,1909f56bfc062723c751e8b465ee728b)
Start importing Assets/Script/UIManager.cs using Guid(dc221c4ff93ad4e2cafc1377df635ecb) Importer(815301076,1909f56bfc062723c751e8b465ee728b)  -> (artifact id: '8bc2059f8738e64c24b8c8e37654058d') in 0.001081 seconds
  Import took 0.003570 seconds .

========================================================================
Received Import Request.
  Time since last request: 0.157213 seconds.
  path: Assets/prefabs/count.prefab
  artifactKey: Guid(feb6212a7f4ca4b24af0e0c2ff1e9c41) Importer(815301076,1909f56bfc062723c751e8b465ee728b)
Start importing Assets/prefabs/count.prefab using Guid(feb6212a7f4ca4b24af0e0c2ff1e9c41) Importer(815301076,1909f56bfc062723c751e8b465ee728b)  -> (artifact id: '7a6deb68a294b3b563680fa26e56b43e') in 0.080774 seconds
  Import took 0.083357 seconds .

========================================================================
Received Import Request.
  Time since last request: 6.717091 seconds.
  path: Assets/prefabs/slidingBox.prefab
  artifactKey: Guid(f6106433044e544caa59657c9d81e97d) Importer(815301076,1909f56bfc062723c751e8b465ee728b)
Start importing Assets/prefabs/slidingBox.prefab using Guid(f6106433044e544caa59657c9d81e97d) Importer(815301076,1909f56bfc062723c751e8b465ee728b)  -> (artifact id: '91f73b05d5b33c2b49e4d36f4dda7a3a') in 0.026141 seconds
  Import took 0.028993 seconds .

========================================================================
Received Import Request.
  Time since last request: 0.023619 seconds.
  path: Assets/prefabs/slidingBox.prefab
  artifactKey: Guid(f6106433044e544caa59657c9d81e97d) Importer(815301076,1909f56bfc062723c751e8b465ee728b)
Start importing Assets/prefabs/slidingBox.prefab using Guid(f6106433044e544caa59657c9d81e97d) Importer(815301076,1909f56bfc062723c751e8b465ee728b)  -> (artifact id: '91f73b05d5b33c2b49e4d36f4dda7a3a') in 0.010606 seconds
  Import took 0.013189 seconds .

========================================================================
Received Prepare
Registering precompiled user dll's ...
Registered in 0.003275 seconds.
Begin MonoManager ReloadAssembly
Native extension for OSXStandalone target not found
Refreshing native plugins compatible for Editor in 0.33 ms, found 2 plugins.
Preloading 0 native plugins for Editor in 0.00 ms.
Invoked RoslynAnalysisRunner static constructor.
RoslynAnalysisRunner will not be running.
RoslynAnalysisRunner has terminated.
Mono: successfully reloaded assembly
- Completed reload, in  2.126 seconds
Platform modules already initialized, skipping
Refreshing native plugins compatible for Editor in 0.28 ms, found 2 plugins.
Preloading 0 native plugins for Editor in 0.00 ms.
Unloading 1811 Unused Serialized files (Serialized files now loaded: 0)
System memory in use before: 165.1 MB.
System memory in use after: 165.1 MB.

Unloading 15 unused Assets to reduce memory usage. Loaded Objects now: 2356.
Total: 1.512833 ms (FindLiveObjects: 0.177958 ms CreateObjectMapping: 0.039500 ms MarkObjects: 1.176583 ms  DeleteObjects: 0.118041 ms)

========================================================================
Received Prepare
Registering precompiled user dll's ...
Registered in 0.002538 seconds.
Begin MonoManager ReloadAssembly
Native extension for OSXStandalone target not found
Refreshing native plugins compatible for Editor in 0.31 ms, found 2 plugins.
Preloading 0 native plugins for Editor in 0.00 ms.
Invoked RoslynAnalysisRunner static constructor.
RoslynAnalysisRunner will not be running.
RoslynAnalysisRunner has terminated.
Mono: successfully reloaded assembly
- Completed reload, in  2.080 seconds
Platform modules already initialized, skipping
Refreshing native plugins compatible for Editor in 0.28 ms, found 2 plugins.
Preloading 0 native plugins for Editor in 0.00 ms.
Unloading 1811 Unused Serialized files (Serialized files now loaded: 0)
System memory in use before: 165.3 MB.
System memory in use after: 165.3 MB.

Unloading 14 unused Assets to reduce memory usage. Loaded Objects now: 2360.
Total: 1.404417 ms (FindLiveObjects: 0.111917 ms CreateObjectMapping: 0.041791 ms MarkObjects: 1.154959 ms  DeleteObjects: 0.094792 ms)

========================================================================
Received Prepare
Registering precompiled user dll's ...
Registered in 0.001682 seconds.
Begin MonoManager ReloadAssembly
Native extension for OSXStandalone target not found
Refreshing native plugins compatible for Editor in 0.32 ms, found 2 plugins.
Preloading 0 native plugins for Editor in 0.00 ms.
Invoked RoslynAnalysisRunner static constructor.
RoslynAnalysisRunner will not be running.
RoslynAnalysisRunner has terminated.
Mono: successfully reloaded assembly
- Completed reload, in  2.100 seconds
Platform modules already initialized, skipping
Refreshing native plugins compatible for Editor in 0.28 ms, found 2 plugins.
Preloading 0 native plugins for Editor in 0.00 ms.
Unloading 1811 Unused Serialized files (Serialized files now loaded: 0)
System memory in use before: 165.5 MB.
System memory in use after: 165.5 MB.

Unloading 14 unused Assets to reduce memory usage. Loaded Objects now: 2364.
Total: 1.432209 ms (FindLiveObjects: 0.147250 ms CreateObjectMapping: 0.038750 ms MarkObjects: 1.152125 ms  DeleteObjects: 0.092708 ms)

========================================================================
Received Prepare
Registering precompiled user dll's ...
Registered in 0.001717 seconds.
Begin MonoManager ReloadAssembly
Native extension for OSXStandalone target not found
Refreshing native plugins compatible for Editor in 0.30 ms, found 2 plugins.
Preloading 0 native plugins for Editor in 0.00 ms.
Invoked RoslynAnalysisRunner static constructor.
RoslynAnalysisRunner will not be running.
RoslynAnalysisRunner has terminated.
Mono: successfully reloaded assembly
- Completed reload, in  2.022 seconds
Platform modules already initialized, skipping
Refreshing native plugins compatible for Editor in 0.22 ms, found 2 plugins.
Preloading 0 native plugins for Editor in 0.00 ms.
Unloading 1811 Unused Serialized files (Serialized files now loaded: 0)
System memory in use before: 165.7 MB.
System memory in use after: 165.6 MB.

Unloading 14 unused Assets to reduce memory usage. Loaded Objects now: 2368.
Total: 1.398958 ms (FindLiveObjects: 0.112166 ms CreateObjectMapping: 0.036417 ms MarkObjects: 1.162791 ms  DeleteObjects: 0.086416 ms)

========================================================================
Received Prepare
Registering precompiled user dll's ...
Registered in 0.000876 seconds.
Begin MonoManager ReloadAssembly
Native extension for OSXStandalone target not found
Refreshing native plugins compatible for Editor in 0.32 ms, found 2 plugins.
Preloading 0 native plugins for Editor in 0.00 ms.
Invoked RoslynAnalysisRunner static constructor.
RoslynAnalysisRunner will not be running.
RoslynAnalysisRunner has terminated.
Mono: successfully reloaded assembly
- Completed reload, in  2.149 seconds
Platform modules already initialized, skipping
Refreshing native plugins compatible for Editor in 0.27 ms, found 2 plugins.
Preloading 0 native plugins for Editor in 0.00 ms.
Unloading 1811 Unused Serialized files (Serialized files now loaded: 0)
System memory in use before: 165.9 MB.
System memory in use after: 165.9 MB.

Unloading 14 unused Assets to reduce memory usage. Loaded Objects now: 2372.
Total: 1.532875 ms (FindLiveObjects: 0.241167 ms CreateObjectMapping: 0.037417 ms MarkObjects: 1.158584 ms  DeleteObjects: 0.094791 ms)

========================================================================
Received Prepare
Registering precompiled user dll's ...
Registered in 0.001763 seconds.
Begin MonoManager ReloadAssembly
Native extension for OSXStandalone target not found
Refreshing native plugins compatible for Editor in 0.31 ms, found 2 plugins.
Preloading 0 native plugins for Editor in 0.00 ms.
Invoked RoslynAnalysisRunner static constructor.
RoslynAnalysisRunner will not be running.
RoslynAnalysisRunner has terminated.
Mono: successfully reloaded assembly
- Completed reload, in  2.072 seconds
Platform modules already initialized, skipping
Refreshing native plugins compatible for Editor in 0.26 ms, found 2 plugins.
Preloading 0 native plugins for Editor in 0.00 ms.
Unloading 1811 Unused Serialized files (Serialized files now loaded: 0)
System memory in use before: 166.0 MB.
System memory in use after: 166.0 MB.

Unloading 14 unused Assets to reduce memory usage. Loaded Objects now: 2376.
Total: 1.416333 ms (FindLiveObjects: 0.140750 ms CreateObjectMapping: 0.036916 ms MarkObjects: 1.128625 ms  DeleteObjects: 0.109250 ms)

========================================================================
Received Prepare
Registering precompiled user dll's ...
Registered in 0.000637 seconds.
Begin MonoManager ReloadAssembly
Native extension for OSXStandalone target not found
Refreshing native plugins compatible for Editor in 0.39 ms, found 2 plugins.
Preloading 0 native plugins for Editor in 0.00 ms.
Invoked RoslynAnalysisRunner static constructor.
RoslynAnalysisRunner will not be running.
RoslynAnalysisRunner has terminated.
Mono: successfully reloaded assembly
- Completed reload, in  2.212 seconds
Platform modules already initialized, skipping
Refreshing native plugins compatible for Editor in 0.29 ms, found 2 plugins.
Preloading 0 native plugins for Editor in 0.00 ms.
Unloading 1811 Unused Serialized files (Serialized files now loaded: 0)
System memory in use before: 166.2 MB.
System memory in use after: 166.2 MB.

Unloading 14 unused Assets to reduce memory usage. Loaded Objects now: 2380.
Total: 1.525833 ms (FindLiveObjects: 0.191958 ms CreateObjectMapping: 0.038291 ms MarkObjects: 1.196667 ms  DeleteObjects: 0.097875 ms)

========================================================================
Received Prepare
Registering precompiled user dll's ...
Registered in 0.000591 seconds.
Begin MonoManager ReloadAssembly
Native extension for OSXStandalone target not found
Refreshing native plugins compatible for Editor in 0.32 ms, found 2 plugins.
Preloading 0 native plugins for Editor in 0.00 ms.
Invoked RoslynAnalysisRunner static constructor.
RoslynAnalysisRunner will not be running.
RoslynAnalysisRunner has terminated.
Mono: successfully reloaded assembly
- Completed reload, in  2.128 seconds
Platform modules already initialized, skipping
Refreshing native plugins compatible for Editor in 0.32 ms, found 2 plugins.
Preloading 0 native plugins for Editor in 0.00 ms.
Unloading 1811 Unused Serialized files (Serialized files now loaded: 0)
System memory in use before: 166.4 MB.
System memory in use after: 166.4 MB.

Unloading 14 unused Assets to reduce memory usage. Loaded Objects now: 2384.
Total: 2.339625 ms (FindLiveObjects: 0.197917 ms CreateObjectMapping: 0.041958 ms MarkObjects: 2.002583 ms  DeleteObjects: 0.096209 ms)

========================================================================
Received Prepare
Registering precompiled user dll's ...
Registered in 0.000630 seconds.
Begin MonoManager ReloadAssembly
Native extension for OSXStandalone target not found
Refreshing native plugins compatible for Editor in 0.32 ms, found 2 plugins.
Preloading 0 native plugins for Editor in 0.00 ms.
Invoked RoslynAnalysisRunner static constructor.
RoslynAnalysisRunner will not be running.
RoslynAnalysisRunner has terminated.
Mono: successfully reloaded assembly
- Completed reload, in  2.155 seconds
Platform modules already initialized, skipping
Refreshing native plugins compatible for Editor in 0.28 ms, found 2 plugins.
Preloading 0 native plugins for Editor in 0.00 ms.
Unloading 1811 Unused Serialized files (Serialized files now loaded: 0)
System memory in use before: 166.6 MB.
System memory in use after: 166.6 MB.

Unloading 14 unused Assets to reduce memory usage. Loaded Objects now: 2388.
Total: 1.422250 ms (FindLiveObjects: 0.131208 ms CreateObjectMapping: 0.036917 ms MarkObjects: 1.150959 ms  DeleteObjects: 0.102208 ms)

========================================================================
Received Prepare
Registering precompiled user dll's ...
Registered in 0.001026 seconds.
Begin MonoManager ReloadAssembly
Native extension for OSXStandalone target not found
Refreshing native plugins compatible for Editor in 0.32 ms, found 2 plugins.
Preloading 0 native plugins for Editor in 0.00 ms.
Invoked RoslynAnalysisRunner static constructor.
RoslynAnalysisRunner will not be running.
RoslynAnalysisRunner has terminated.
Mono: successfully reloaded assembly
- Completed reload, in  2.221 seconds
Platform modules already initialized, skipping
Refreshing native plugins compatible for Editor in 0.29 ms, found 2 plugins.
Preloading 0 native plugins for Editor in 0.00 ms.
Unloading 1811 Unused Serialized files (Serialized files now loaded: 0)
System memory in use before: 166.8 MB.
System memory in use after: 166.8 MB.

Unloading 14 unused Assets to reduce memory usage. Loaded Objects now: 2392.
Total: 1.489416 ms (FindLiveObjects: 0.181166 ms CreateObjectMapping: 0.037708 ms MarkObjects: 1.169500 ms  DeleteObjects: 0.100041 ms)

========================================================================
Received Prepare
Registering precompiled user dll's ...
Registered in 0.000565 seconds.
Begin MonoManager ReloadAssembly
Native extension for OSXStandalone target not found
Refreshing native plugins compatible for Editor in 0.31 ms, found 2 plugins.
Preloading 0 native plugins for Editor in 0.00 ms.
Invoked RoslynAnalysisRunner static constructor.
RoslynAnalysisRunner will not be running.
RoslynAnalysisRunner has terminated.
Mono: successfully reloaded assembly
- Completed reload, in  2.144 seconds
Platform modules already initialized, skipping
Refreshing native plugins compatible for Editor in 0.28 ms, found 2 plugins.
Preloading 0 native plugins for Editor in 0.00 ms.
Unloading 1811 Unused Serialized files (Serialized files now loaded: 0)
System memory in use before: 167.0 MB.
System memory in use after: 167.0 MB.

Unloading 14 unused Assets to reduce memory usage. Loaded Objects now: 2396.
Total: 1.440250 ms (FindLiveObjects: 0.133083 ms CreateObjectMapping: 0.037042 ms MarkObjects: 1.164708 ms  DeleteObjects: 0.104583 ms)

========================================================================
Received Prepare
Registering precompiled user dll's ...
Registered in 0.001546 seconds.
Begin MonoManager ReloadAssembly
Native extension for OSXStandalone target not found
Refreshing native plugins compatible for Editor in 0.35 ms, found 2 plugins.
Preloading 0 native plugins for Editor in 0.00 ms.
Invoked RoslynAnalysisRunner static constructor.
RoslynAnalysisRunner will not be running.
RoslynAnalysisRunner has terminated.
Mono: successfully reloaded assembly
- Completed reload, in  2.084 seconds
Platform modules already initialized, skipping
Refreshing native plugins compatible for Editor in 0.27 ms, found 2 plugins.
Preloading 0 native plugins for Editor in 0.00 ms.
Unloading 1811 Unused Serialized files (Serialized files now loaded: 0)
System memory in use before: 167.2 MB.
System memory in use after: 167.1 MB.

Unloading 14 unused Assets to reduce memory usage. Loaded Objects now: 2400.
Total: 1.449417 ms (FindLiveObjects: 0.135958 ms CreateObjectMapping: 0.037042 ms MarkObjects: 1.173792 ms  DeleteObjects: 0.101708 ms)

========================================================================
Received Prepare
Registering precompiled user dll's ...
Registered in 0.000648 seconds.
Begin MonoManager ReloadAssembly
Native extension for OSXStandalone target not found
Refreshing native plugins compatible for Editor in 0.34 ms, found 2 plugins.
Preloading 0 native plugins for Editor in 0.00 ms.
Invoked RoslynAnalysisRunner static constructor.
RoslynAnalysisRunner will not be running.
RoslynAnalysisRunner has terminated.
Mono: successfully reloaded assembly
- Completed reload, in  2.195 seconds
Platform modules already initialized, skipping
Refreshing native plugins compatible for Editor in 0.29 ms, found 2 plugins.
Preloading 0 native plugins for Editor in 0.00 ms.
Unloading 1811 Unused Serialized files (Serialized files now loaded: 0)
System memory in use before: 167.4 MB.
System memory in use after: 167.4 MB.

Unloading 14 unused Assets to reduce memory usage. Loaded Objects now: 2404.
Total: 1.441292 ms (FindLiveObjects: 0.152041 ms CreateObjectMapping: 0.037542 ms MarkObjects: 1.149833 ms  DeleteObjects: 0.101000 ms)

========================================================================
Received Prepare
Registering precompiled user dll's ...
Registered in 0.001697 seconds.
Begin MonoManager ReloadAssembly
Native extension for OSXStandalone target not found
Refreshing native plugins compatible for Editor in 0.32 ms, found 2 plugins.
Preloading 0 native plugins for Editor in 0.00 ms.
Invoked RoslynAnalysisRunner static constructor.
RoslynAnalysisRunner will not be running.
RoslynAnalysisRunner has terminated.
Mono: successfully reloaded assembly
- Completed reload, in  2.088 seconds
Platform modules already initialized, skipping
Refreshing native plugins compatible for Editor in 0.30 ms, found 2 plugins.
Preloading 0 native plugins for Editor in 0.00 ms.
Unloading 1811 Unused Serialized files (Serialized files now loaded: 0)
System memory in use before: 167.6 MB.
System memory in use after: 167.5 MB.

Unloading 14 unused Assets to reduce memory usage. Loaded Objects now: 2408.
Total: 1.437208 ms (FindLiveObjects: 0.130000 ms CreateObjectMapping: 0.038375 ms MarkObjects: 1.176416 ms  DeleteObjects: 0.091334 ms)

========================================================================
Received Prepare
Registering precompiled user dll's ...
Registered in 0.001732 seconds.
Begin MonoManager ReloadAssembly
Native extension for OSXStandalone target not found
Refreshing native plugins compatible for Editor in 0.31 ms, found 2 plugins.
Preloading 0 native plugins for Editor in 0.00 ms.
Invoked RoslynAnalysisRunner static constructor.
RoslynAnalysisRunner will not be running.
RoslynAnalysisRunner has terminated.
Mono: successfully reloaded assembly
- Completed reload, in  2.043 seconds
Platform modules already initialized, skipping
Refreshing native plugins compatible for Editor in 0.22 ms, found 2 plugins.
Preloading 0 native plugins for Editor in 0.00 ms.
Unloading 1811 Unused Serialized files (Serialized files now loaded: 0)
System memory in use before: 167.7 MB.
System memory in use after: 167.8 MB.

Unloading 14 unused Assets to reduce memory usage. Loaded Objects now: 2412.
Total: 1.384167 ms (FindLiveObjects: 0.112375 ms CreateObjectMapping: 0.036375 ms MarkObjects: 1.156083 ms  DeleteObjects: 0.078292 ms)

========================================================================
Received Prepare
Registering precompiled user dll's ...
Registered in 0.000976 seconds.
Begin MonoManager ReloadAssembly
Native extension for OSXStandalone target not found
Refreshing native plugins compatible for Editor in 0.31 ms, found 2 plugins.
Preloading 0 native plugins for Editor in 0.00 ms.
Invoked RoslynAnalysisRunner static constructor.
RoslynAnalysisRunner will not be running.
RoslynAnalysisRunner has terminated.
Mono: successfully reloaded assembly
- Completed reload, in  2.079 seconds
Platform modules already initialized, skipping
Refreshing native plugins compatible for Editor in 0.30 ms, found 2 plugins.
Preloading 0 native plugins for Editor in 0.00 ms.
Unloading 1811 Unused Serialized files (Serialized files now loaded: 0)
System memory in use before: 167.9 MB.
System memory in use after: 167.9 MB.

Unloading 14 unused Assets to reduce memory usage. Loaded Objects now: 2416.
Total: 1.592167 ms (FindLiveObjects: 0.143584 ms CreateObjectMapping: 0.036834 ms MarkObjects: 1.321667 ms  DeleteObjects: 0.089042 ms)

========================================================================
Received Prepare
Registering precompiled user dll's ...
Registered in 0.000638 seconds.
Begin MonoManager ReloadAssembly
Native extension for OSXStandalone target not found
Refreshing native plugins compatible for Editor in 0.33 ms, found 2 plugins.
Preloading 0 native plugins for Editor in 0.00 ms.
Invoked RoslynAnalysisRunner static constructor.
RoslynAnalysisRunner will not be running.
RoslynAnalysisRunner has terminated.
Mono: successfully reloaded assembly
- Completed reload, in  2.040 seconds
Platform modules already initialized, skipping
Refreshing native plugins compatible for Editor in 0.21 ms, found 2 plugins.
Preloading 0 native plugins for Editor in 0.00 ms.
Unloading 1811 Unused Serialized files (Serialized files now loaded: 0)
System memory in use before: 168.1 MB.
System memory in use after: 168.1 MB.

Unloading 14 unused Assets to reduce memory usage. Loaded Objects now: 2420.
Total: 1.362166 ms (FindLiveObjects: 0.116750 ms CreateObjectMapping: 0.036334 ms MarkObjects: 1.124459 ms  DeleteObjects: 0.083750 ms)

