Using pre-set license

 COMMAND LINE ARGUMENTS:
/Applications/Unity/Unity.app/Contents/MacOS/Unity
-adb2
-batchMode
-noUpm
-name
AssetImportWorker1
-projectPath
/Users/sks/Downloads/Firebase-Starter-Project-master/Sliding Card Game 2D
-logFile
Logs/AssetImportWorker1.log
-srvPort
49341
Successfully changed project path to: /Users/sks/Downloads/Firebase-Starter-Project-master/Sliding Card Game 2D
/Users/sks/Downloads/Firebase-Starter-Project-master/Sliding Card Game 2D
Using Asset Import Pipeline V2.
Refreshing native plugins compatible for Editor in 32.78 ms, found 2 plugins.
Preloading 0 native plugins for Editor in 0.00 ms.
Initialize engine version: 2020.2.7f1 (c53830e277f1)
[Subsystems] Discovering subsystems at path /Applications/Unity/Unity.app/Contents/Resources/UnitySubsystems
[Subsystems] Discovering subsystems at path /Users/sks/Downloads/Firebase-Starter-Project-master/Sliding Card Game 2D/Assets
GfxDevice: creating device client; threaded=0
2021-06-10 18:26:25.382 Unity[2885:159832] (null) preferred device: Apple M1 (high power)
2021-06-10 18:26:25.382 Unity[2885:159832] Metal devices available: 1
2021-06-10 18:26:25.382 Unity[2885:159832] 0: Apple M1 (high power)
2021-06-10 18:26:25.382 Unity[2885:159832] Using device Apple M1 (high power)
Initializing Metal device caps: Apple M1
Initialize mono
Mono path[0] = '/Applications/Unity/Unity.app/Contents/Managed'
Mono path[1] = '/Applications/Unity/Unity.app/Contents/MonoBleedingEdge/lib/mono/unityjit'
Mono config path = '/Applications/Unity/Unity.app/Contents/MonoBleedingEdge/etc'
Using monoOptions --debugger-agent=transport=dt_socket,embedding=1,server=y,suspend=n,address=127.0.0.1:56885
Begin MonoManager ReloadAssembly
Registering precompiled unity dll's ...
Register platform support module: /Applications/Unity/Unity.app/Contents/PlaybackEngines/MacStandaloneSupport/UnityEditor.OSXStandalone.Extensions.dll
Registered in 0.001025 seconds.
Native extension for OSXStandalone target not found
Refreshing native plugins compatible for Editor in 32.79 ms, found 2 plugins.
Preloading 0 native plugins for Editor in 0.00 ms.
Invoked RoslynAnalysisRunner static constructor.
RoslynAnalysisRunner will not be running.
RoslynAnalysisRunner has terminated.
Mono: successfully reloaded assembly
- Completed reload, in  2.338 seconds
Platform modules already initialized, skipping
Registering precompiled user dll's ...
Registered in 0.001470 seconds.
Begin MonoManager ReloadAssembly
Native extension for OSXStandalone target not found
Refreshing native plugins compatible for Editor in 31.94 ms, found 2 plugins.
Preloading 0 native plugins for Editor in 0.00 ms.
Invoked RoslynAnalysisRunner static constructor.
RoslynAnalysisRunner will not be running.
RoslynAnalysisRunner has terminated.
Mono: successfully reloaded assembly
- Completed reload, in  2.129 seconds
Platform modules already initialized, skipping
========================================================================
Worker process is ready to serve import requests
Launching external process: /Applications/Unity/Unity.app/Contents/Tools/UnityShaderCompiler
Launched and connected shader compiler UnityShaderCompiler after 0.03 seconds
Refreshing native plugins compatible for Editor in 0.29 ms, found 2 plugins.
Preloading 0 native plugins for Editor in 0.00 ms.
Unloading 1824 Unused Serialized files (Serialized files now loaded: 0)
System memory in use before: 146.2 MB.
System memory in use after: 146.2 MB.

Unloading 26 unused Assets to reduce memory usage. Loaded Objects now: 2270.
Total: 1.654625 ms (FindLiveObjects: 0.165333 ms CreateObjectMapping: 0.038250 ms MarkObjects: 1.327625 ms  DeleteObjects: 0.122708 ms)

========================================================================
Received Import Request.
  path: Assets/Script/CardStack.cs
  artifactKey: Guid(19316e1890b3643b39e9e5f0809eb193) Importer(815301076,1909f56bfc062723c751e8b465ee728b)
Start importing Assets/Script/CardStack.cs using Guid(19316e1890b3643b39e9e5f0809eb193) Importer(815301076,1909f56bfc062723c751e8b465ee728b)  -> (artifact id: '651c8d8a163a6fdf42bcced09496149a') in 0.283221 seconds
  Import took 0.285587 seconds .

========================================================================
Received Prepare
Registering precompiled user dll's ...
Registered in 0.000857 seconds.
Begin MonoManager ReloadAssembly
Native extension for OSXStandalone target not found
Refreshing native plugins compatible for Editor in 0.32 ms, found 2 plugins.
Preloading 0 native plugins for Editor in 0.00 ms.
Invoked RoslynAnalysisRunner static constructor.
RoslynAnalysisRunner will not be running.
RoslynAnalysisRunner has terminated.
Mono: successfully reloaded assembly
- Completed reload, in  2.079 seconds
Platform modules already initialized, skipping
Switching build target platform(2) subTarget(0) extendedPlatform(0) -> platform(13) subTarget(537395200) extendedPlatform(0)
Refreshing native plugins compatible for Editor in 0.21 ms, found 2 plugins.
Preloading 0 native plugins for Editor in 0.00 ms.
Unloading 1820 Unused Serialized files (Serialized files now loaded: 0)
System memory in use before: 150.4 MB.
System memory in use after: 150.4 MB.

Unloading 16 unused Assets to reduce memory usage. Loaded Objects now: 2272.
Total: 1.381583 ms (FindLiveObjects: 0.109000 ms CreateObjectMapping: 0.035208 ms MarkObjects: 1.153375 ms  DeleteObjects: 0.083250 ms)

AssetImportParameters requested are different than current active one (requested -> active):
  custom:graphics/normal-map-encoding: 01000000000000000000000000000000 -> 02000000000000000000000000000000
========================================================================
Received Prepare
Registering precompiled user dll's ...
Registered in 0.001761 seconds.
Begin MonoManager ReloadAssembly
Native extension for OSXStandalone target not found
Refreshing native plugins compatible for Editor in 0.30 ms, found 2 plugins.
Preloading 0 native plugins for Editor in 0.00 ms.
Invoked RoslynAnalysisRunner static constructor.
RoslynAnalysisRunner will not be running.
RoslynAnalysisRunner has terminated.
Mono: successfully reloaded assembly
- Completed reload, in  1.988 seconds
Platform modules already initialized, skipping
Switching build target platform(2) subTarget(0) extendedPlatform(0) -> platform(13) subTarget(537395200) extendedPlatform(0)
Refreshing native plugins compatible for Editor in 0.19 ms, found 2 plugins.
Preloading 0 native plugins for Editor in 0.00 ms.
Unloading 1820 Unused Serialized files (Serialized files now loaded: 0)
System memory in use before: 150.5 MB.
System memory in use after: 150.5 MB.

Unloading 14 unused Assets to reduce memory usage. Loaded Objects now: 2276.
Total: 1.396750 ms (FindLiveObjects: 0.096958 ms CreateObjectMapping: 0.034875 ms MarkObjects: 1.180042 ms  DeleteObjects: 0.084291 ms)

AssetImportParameters requested are different than current active one (requested -> active):
  custom:graphics/normal-map-encoding: 01000000000000000000000000000000 -> 02000000000000000000000000000000
